HandTracking-Quest/Temp/gradleOut/launcher/build/outputs/logs/manifest-merger-release-report.txt
-- Merging decision tree log ---
manifest
ADDED from src\main\AndroidManifest.xml:3:1-6:12
INJECTED from src\main\AndroidManifest.xml:3:1-6:12
INJECTED from src\main\AndroidManifest.xml:3:1-6:12
INJECTED from src\main\AndroidManifest.xml:3:1-6:12
MERGED from [:unityLibrary] AndroidManifest.xml:2:1-89:12
MERGED from [:OVRPlugin:] AndroidManifest.xml:2:1-4:12
INJECTED from src\main\AndroidManifest.xml:3:1-6:12
INJECTED from src\main\AndroidManifest.xml:3:1-6:12
INJECTED from src\main\AndroidManifest.xml:3:1-6:12
	package
		ADDED from src\main\AndroidManifest.xml:3:70-111
		INJECTED from src\main\AndroidManifest.xml
		INJECTED from src\main\AndroidManifest.xml
	android:versionName
		INJECTED from src\main\AndroidManifest.xml
		ADDED from src\main\AndroidManifest.xml:3:1-6:12
		INJECTED from src\main\AndroidManifest.xml
	xmlns:tools
		ADDED from src\main\AndroidManifest.xml:3:112-158
	android:versionCode
		INJECTED from src\main\AndroidManifest.xml
		ADDED from src\main\AndroidManifest.xml:3:1-6:12
		INJECTED from src\main\AndroidManifest.xml
	xmlns:android
		ADDED from src\main\AndroidManifest.xml:3:11-69
	android:installLocation
		ADDED from src\main\AndroidManifest.xml:3:159-189
supports-screens
ADDED from src\main\AndroidManifest.xml:4:3-163
	android:largeScreens
		ADDED from src\main\AndroidManifest.xml:4:78-105
	android:smallScreens
		ADDED from src\main\AndroidManifest.xml:4:21-48
	android:normalScreens
		ADDED from src\main\AndroidManifest.xml:4:49-77
	android:xlargeScreens
		ADDED from src\main\AndroidManifest.xml:4:106-134
	android:anyDensity
		ADDED from src\main\AndroidManifest.xml:4:135-160
application
ADDED from src\main\AndroidManifest.xml:5:3-83
MERGED from [:unityLibrary] AndroidManifest.xml:44:5-87:19
MERGED from [:unityLibrary] AndroidManifest.xml:44:5-87:19
	android:label
		ADDED from src\main\AndroidManifest.xml:5:16-48
	android:allowBackup
		ADDED from [:unityLibrary] AndroidManifest.xml:45:9-36
	android:icon
		ADDED from src\main\AndroidManifest.xml:5:49-80
	android:networkSecurityConfig
		ADDED from [:unityLibrary] AndroidManifest.xml:48:9-64
uses-sdk
INJECTED from src\main\AndroidManifest.xml reason: use-sdk injection requested
INJECTED from src\main\AndroidManifest.xml
INJECTED from src\main\AndroidManifest.xml
MERGED from [:unityLibrary] AndroidManifest.xml:8:5-10:41
MERGED from [:unityLibrary] AndroidManifest.xml:8:5-10:41
MERGED from [:OVRPlugin:] AndroidManifest.xml:3:3-45
MERGED from [:OVRPlugin:] AndroidManifest.xml:3:3-45
INJECTED from src\main\AndroidManifest.xml
INJECTED from src\main\AndroidManifest.xml
	android:targetSdkVersion
		INJECTED from src\main\AndroidManifest.xml
		ADDED from src\main\AndroidManifest.xml
		INJECTED from src\main\AndroidManifest.xml
	android:minSdkVersion
		INJECTED from src\main\AndroidManifest.xml
		ADDED from src\main\AndroidManifest.xml
		MERGED from src\main\AndroidManifest.xml
		INJECTED from src\main\AndroidManifest.xml
uses-feature#android.hardware.vr.headtracking
ADDED from [:unityLibrary] AndroidManifest.xml:12:5-15:31
	android:version
		ADDED from [:unityLibrary] AndroidManifest.xml:15:9-28
	android:required
		ADDED from [:unityLibrary] AndroidManifest.xml:14:9-32
	android:name
		ADDED from [:unityLibrary] AndroidManifest.xml:13:9-56
uses-feature#oculus.software.handtracking
ADDED from [:unityLibrary] AndroidManifest.xml:16:5-18:36
	android:required
		ADDED from [:unityLibrary] AndroidManifest.xml:18:9-33
	android:name
		ADDED from [:unityLibrary] AndroidManifest.xml:17:9-52
uses-permission#com.oculus.permission.HAND_TRACKING
ADDED from [:unityLibrary] AndroidManifest.xml:20:5-75
	android:name
		ADDED from [:unityLibrary] AndroidManifest.xml:20:22-72
uses-feature#0x00020000
ADDED from [:unityLibrary] AndroidManifest.xml:22:5-54
	android:glEsVersion
		ADDED from [:unityLibrary] AndroidManifest.xml:22:19-51
supports-gl-texture#GL_KHR_texture_compression_astc_ldr
ADDED from [:unityLibrary] AndroidManifest.xml:24:5-79
	android:name
		ADDED from [:unityLibrary] AndroidManifest.xml:24:26-76
uses-permission#android.permission.INTERNET
ADDED from [:unityLibrary] AndroidManifest.xml:26:5-67
	android:name
		ADDED from [:unityLibrary] AndroidManifest.xml:26:22-64
uses-permission#android.permission.RECORD_AUDIO
ADDED from [:unityLibrary] AndroidManifest.xml:27:5-71
	android:name
		ADDED from [:unityLibrary] AndroidManifest.xml:27:22-68
uses-permission#android.permission.MODIFY_AUDIO_SETTINGS
ADDED from [:unityLibrary] AndroidManifest.xml:28:5-80
	android:name
		ADDED from [:unityLibrary] AndroidManifest.xml:28:22-77
uses-permission#android.permission.BLUETOOTH
ADDED from [:unityLibrary] AndroidManifest.xml:29:5-68
	android:name
		ADDED from [:unityLibrary] AndroidManifest.xml:29:22-65
uses-feature#android.hardware.microphone
ADDED from [:unityLibrary] AndroidManifest.xml:31:5-33:36
	android:required
		ADDED from [:unityLibrary] AndroidManifest.xml:33:9-33
	android:name
		ADDED from [:unityLibrary] AndroidManifest.xml:32:9-51
uses-feature#android.hardware.touchscreen
ADDED from [:unityLibrary] AndroidManifest.xml:34:5-36:36
	android:required
		ADDED from [:unityLibrary] AndroidManifest.xml:36:9-33
	android:name
		ADDED from [:unityLibrary] AndroidManifest.xml:35:9-52
uses-feature#android.hardware.touchscreen.multitouch
ADDED from [:unityLibrary] AndroidManifest.xml:37:5-39:36
	android:required
		ADDED from [:unityLibrary] AndroidManifest.xml:39:9-33
	android:name
		ADDED from [:unityLibrary] AndroidManifest.xml:38:9-63
uses-feature#android.hardware.touchscreen.multitouch.distinct
ADDED from [:unityLibrary] AndroidManifest.xml:40:5-42:36
	android:required
		ADDED from [:unityLibrary] AndroidManifest.xml:42:9-33
	android:name
		ADDED from [:unityLibrary] AndroidManifest.xml:41:9-72
activity#com.unity3d.player.UnityPlayerActivity
ADDED from [:unityLibrary] AndroidManifest.xml:49:9-67:20
	android:screenOrientation
		ADDED from [:unityLibrary] AndroidManifest.xml:56:13-50
	android:excludeFromRecents
		ADDED from [:unityLibrary] AndroidManifest.xml:52:13-46
	android:launchMode
		ADDED from [:unityLibrary] AndroidManifest.xml:54:13-44
	android:hardwareAccelerated
		ADDED from [:unityLibrary] AndroidManifest.xml:53:13-48
	android:resizeableActivity
		ADDED from [:unityLibrary] AndroidManifest.xml:55:13-47
	android:configChanges
		ADDED from [:unityLibrary] AndroidManifest.xml:51:13-122
	android:theme
		ADDED from [:unityLibrary] AndroidManifest.xml:57:13-77
	android:name
		ADDED from [:unityLibrary] AndroidManifest.xml:50:13-66
intent-filter#action:name:android.intent.action.MAIN+category:name:android.intent.category.INFO
ADDED from [:unityLibrary] AndroidManifest.xml:58:13-62:29
action#android.intent.action.MAIN
ADDED from [:unityLibrary] AndroidManifest.xml:59:17-69
	android:name
		ADDED from [:unityLibrary] AndroidManifest.xml:59:25-66
category#android.intent.category.INFO
ADDED from [:unityLibrary] AndroidManifest.xml:61:17-73
	android:name
		ADDED from [:unityLibrary] AndroidManifest.xml:61:27-70
meta-data#com.oculus.vr.focusaware
ADDED from [:unityLibrary] AndroidManifest.xml:64:13-66:40
	android:value
		ADDED from [:unityLibrary] AndroidManifest.xml:66:17-37
	android:name
		ADDED from [:unityLibrary] AndroidManifest.xml:65:17-56
meta-data#unityplayer.SkipPermissionsDialog
ADDED from [:unityLibrary] AndroidManifest.xml:69:9-71:37
	android:value
		ADDED from [:unityLibrary] AndroidManifest.xml:71:13-34
	android:name
		ADDED from [:unityLibrary] AndroidManifest.xml:70:13-61
meta-data#com.samsung.android.vr.application.mode
ADDED from [:unityLibrary] AndroidManifest.xml:72:9-74:39
	android:value
		ADDED from [:unityLibrary] AndroidManifest.xml:74:13-36
	android:name
		ADDED from [:unityLibrary] AndroidManifest.xml:73:13-67
meta-data#unity.splash-mode
ADDED from [:unityLibrary] AndroidManifest.xml:75:9-77:33
	android:value
		ADDED from [:unityLibrary] AndroidManifest.xml:77:13-30
	android:name
		ADDED from [:unityLibrary] AndroidManifest.xml:76:13-45
meta-data#unity.splash-enable
ADDED from [:unityLibrary] AndroidManifest.xml:78:9-80:36
	android:value
		ADDED from [:unityLibrary] AndroidManifest.xml:80:13-33
	android:name
		ADDED from [:unityLibrary] AndroidManifest.xml:79:13-47
meta-data#notch.config
ADDED from [:unityLibrary] AndroidManifest.xml:81:9-83:50
	android:value
		ADDED from [:unityLibrary] AndroidManifest.xml:83:13-47
	android:name
		ADDED from [:unityLibrary] AndroidManifest.xml:82:13-40
meta-data#unity.build-id
ADDED from [:unityLibrary] AndroidManifest.xml:84:9-86:68
	android:value
		ADDED from [:unityLibrary] AndroidManifest.xml:86:13-65
	android:name
		ADDED from [:unityLibrary] AndroidManifest.xml:85:13-42